{"/home/pfe/todo-app/todo-backend/src/db.js": {"path":"/home/pfe/todo-app/todo-backend/src/db.js","statementMap":{"0":{"start":{"line":1,"column":17},"end":{"line":1,"column":30}},"1":{"start":{"line":2,"column":0},"end":{"line":2,"column":27}},"2":{"start":{"line":4,"column":13},"end":{"line":14,"column":2}},"3":{"start":{"line":17,"column":0},"end":{"line":19,"column":3}},"4":{"start":{"line":18,"column":2},"end":{"line":18,"column":46}},"5":{"start":{"line":22,"column":0},"end":{"line":24,"column":3}},"6":{"start":{"line":23,"column":2},"end":{"line":23,"column":55}},"7":{"start":{"line":26,"column":0},"end":{"line":26,"column":22}}},"fnMap":{"0":{"name":"(anonymous_0)","decl":{"start":{"line":17,"column":19},"end":{"line":17,"column":20}},"loc":{"start":{"line":17,"column":25},"end":{"line":19,"column":1}},"line":17},"1":{"name":"(anonymous_1)","decl":{"start":{"line":22,"column":17},"end":{"line":22,"column":18}},"loc":{"start":{"line":22,"column":26},"end":{"line":24,"column":1}},"line":22}},"branchMap":{"0":{"loc":{"start":{"line":6,"column":24},"end":{"line":6,"column":53}},"type":"binary-expr","locations":[{"start":{"line":6,"column":24},"end":{"line":6,"column":43}},{"start":{"line":6,"column":47},"end":{"line":6,"column":53}}],"line":6},"1":{"loc":{"start":{"line":11,"column":7},"end":{"line":13,"column":11}},"type":"cond-expr","locations":[{"start":{"line":12,"column":6},"end":{"line":12,"column":35}},{"start":{"line":13,"column":6},"end":{"line":13,"column":11}}],"line":11}},"s":{"0":3,"1":3,"2":3,"3":3,"4":0,"5":3,"6":0,"7":3},"f":{"0":0,"1":0},"b":{"0":[3,0],"1":[0,3]},"_coverageSchema":"1a1c01bbd47fc00a2c39e90264f33305004495a9","hash":"461a811fdb0d7b196e83eac7e7fd75560c42eb0c"}
,"/home/pfe/todo-app/todo-backend/src/index.js": {"path":"/home/pfe/todo-app/todo-backend/src/index.js","statementMap":{"0":{"start":{"line":1,"column":0},"end":{"line":1,"column":27}},"1":{"start":{"line":3,"column":16},"end":{"line":3,"column":34}},"2":{"start":{"line":4,"column":13},"end":{"line":4,"column":28}},"3":{"start":{"line":5,"column":13},"end":{"line":5,"column":28}},"4":{"start":{"line":7,"column":19},"end":{"line":7,"column":43}},"5":{"start":{"line":8,"column":20},"end":{"line":8,"column":45}},"6":{"start":{"line":9,"column":23},"end":{"line":9,"column":51}},"7":{"start":{"line":11,"column":12},"end":{"line":11,"column":21}},"8":{"start":{"line":12,"column":13},"end":{"line":12,"column":37}},"9":{"start":{"line":15,"column":0},"end":{"line":18,"column":4}},"10":{"start":{"line":20,"column":0},"end":{"line":20,"column":24}},"11":{"start":{"line":23,"column":0},"end":{"line":28,"column":3}},"12":{"start":{"line":24,"column":2},"end":{"line":27,"column":5}},"13":{"start":{"line":30,"column":0},"end":{"line":30,"column":33}},"14":{"start":{"line":33,"column":0},"end":{"line":33,"column":51}},"15":{"start":{"line":36,"column":0},"end":{"line":40,"column":3}},"16":{"start":{"line":37,"column":2},"end":{"line":39,"column":5}},"17":{"start":{"line":43,"column":0},"end":{"line":48,"column":3}},"18":{"start":{"line":44,"column":2},"end":{"line":44,"column":42}},"19":{"start":{"line":45,"column":2},"end":{"line":47,"column":5}},"20":{"start":{"line":52,"column":2},"end":{"line":59,"column":5}},"21":{"start":{"line":61,"column":2},"end":{"line":69,"column":5}},"22":{"start":{"line":71,"column":2},"end":{"line":71,"column":35}},"23":{"start":{"line":75,"column":0},"end":{"line":86,"column":1}},"24":{"start":{"line":76,"column":2},"end":{"line":85,"column":7}},"25":{"start":{"line":78,"column":6},"end":{"line":80,"column":9}},"26":{"start":{"line":79,"column":8},"end":{"line":79,"column":58}},"27":{"start":{"line":83,"column":6},"end":{"line":83,"column":54}},"28":{"start":{"line":84,"column":6},"end":{"line":84,"column":22}},"29":{"start":{"line":89,"column":0},"end":{"line":89,"column":21}}},"fnMap":{"0":{"name":"(anonymous_0)","decl":{"start":{"line":23,"column":19},"end":{"line":23,"column":20}},"loc":{"start":{"line":23,"column":33},"end":{"line":28,"column":1}},"line":23},"1":{"name":"(anonymous_1)","decl":{"start":{"line":36,"column":8},"end":{"line":36,"column":9}},"loc":{"start":{"line":36,"column":22},"end":{"line":40,"column":1}},"line":36},"2":{"name":"(anonymous_2)","decl":{"start":{"line":43,"column":8},"end":{"line":43,"column":9}},"loc":{"start":{"line":43,"column":33},"end":{"line":48,"column":1}},"line":43},"3":{"name":"initDB","decl":{"start":{"line":51,"column":15},"end":{"line":51,"column":21}},"loc":{"start":{"line":51,"column":24},"end":{"line":72,"column":1}},"line":51},"4":{"name":"(anonymous_4)","decl":{"start":{"line":77,"column":10},"end":{"line":77,"column":11}},"loc":{"start":{"line":77,"column":16},"end":{"line":81,"column":5}},"line":77},"5":{"name":"(anonymous_5)","decl":{"start":{"line":78,"column":23},"end":{"line":78,"column":24}},"loc":{"start":{"line":78,"column":29},"end":{"line":80,"column":7}},"line":78},"6":{"name":"(anonymous_6)","decl":{"start":{"line":82,"column":11},"end":{"line":82,"column":12}},"loc":{"start":{"line":82,"column":20},"end":{"line":85,"column":5}},"line":82}},"branchMap":{"0":{"loc":{"start":{"line":12,"column":13},"end":{"line":12,"column":37}},"type":"binary-expr","locations":[{"start":{"line":12,"column":13},"end":{"line":12,"column":29}},{"start":{"line":12,"column":33},"end":{"line":12,"column":37}}],"line":12},"1":{"loc":{"start":{"line":16,"column":10},"end":{"line":16,"column":60}},"type":"binary-expr","locations":[{"start":{"line":16,"column":10},"end":{"line":16,"column":33}},{"start":{"line":16,"column":37},"end":{"line":16,"column":60}}],"line":16},"2":{"loc":{"start":{"line":75,"column":0},"end":{"line":86,"column":1}},"type":"if","locations":[{"start":{"line":75,"column":0},"end":{"line":86,"column":1}},{"start":{},"end":{}}],"line":75}},"s":{"0":3,"1":3,"2":3,"3":3,"4":3,"5":3,"6":3,"7":3,"8":3,"9":3,"10":3,"11":3,"12":3,"13":3,"14":3,"15":3,"16":1,"17":3,"18":0,"19":0,"20":0,"21":0,"22":0,"23":3,"24":0,"25":0,"26":0,"27":0,"28":0,"29":3},"f":{"0":3,"1":1,"2":0,"3":0,"4":0,"5":0,"6":0},"b":{"0":[3,0],"1":[3,0],"2":[0,3]},"_coverageSchema":"1a1c01bbd47fc00a2c39e90264f33305004495a9","hash":"e04d8c92169467bf436edf4180b7faddb33b8ff2"}
,"/home/pfe/todo-app/todo-backend/src/middleware/auth.js": {"path":"/home/pfe/todo-app/todo-backend/src/middleware/auth.js","statementMap":{"0":{"start":{"line":1,"column":12},"end":{"line":1,"column":35}},"1":{"start":{"line":3,"column":0},"end":{"line":48,"column":2}},"2":{"start":{"line":4,"column":21},"end":{"line":4,"column":46}},"3":{"start":{"line":7,"column":2},"end":{"line":9,"column":3}},"4":{"start":{"line":8,"column":4},"end":{"line":8,"column":75}},"5":{"start":{"line":11,"column":26},"end":{"line":11,"column":47}},"6":{"start":{"line":13,"column":2},"end":{"line":15,"column":3}},"7":{"start":{"line":14,"column":4},"end":{"line":14,"column":75}},"8":{"start":{"line":18,"column":17},"end":{"line":18,"column":39}},"9":{"start":{"line":19,"column":2},"end":{"line":22,"column":3}},"10":{"start":{"line":20,"column":4},"end":{"line":20,"column":54}},"11":{"start":{"line":21,"column":4},"end":{"line":21,"column":73}},"12":{"start":{"line":24,"column":2},"end":{"line":47,"column":3}},"13":{"start":{"line":25,"column":20},"end":{"line":25,"column":45}},"14":{"start":{"line":26,"column":4},"end":{"line":26,"column":23}},"15":{"start":{"line":28,"column":4},"end":{"line":28,"column":18}},"16":{"start":{"line":30,"column":4},"end":{"line":34,"column":5}},"17":{"start":{"line":31,"column":6},"end":{"line":33,"column":9}},"18":{"start":{"line":36,"column":4},"end":{"line":40,"column":5}},"19":{"start":{"line":37,"column":6},"end":{"line":39,"column":9}},"20":{"start":{"line":42,"column":4},"end":{"line":42,"column":59}},"21":{"start":{"line":44,"column":4},"end":{"line":46,"column":7}}},"fnMap":{"0":{"name":"authMiddleware","decl":{"start":{"line":3,"column":26},"end":{"line":3,"column":40}},"loc":{"start":{"line":3,"column":57},"end":{"line":48,"column":1}},"line":3}},"branchMap":{"0":{"loc":{"start":{"line":7,"column":2},"end":{"line":9,"column":3}},"type":"if","locations":[{"start":{"line":7,"column":2},"end":{"line":9,"column":3}},{"start":{},"end":{}}],"line":7},"1":{"loc":{"start":{"line":13,"column":2},"end":{"line":15,"column":3}},"type":"if","locations":[{"start":{"line":13,"column":2},"end":{"line":15,"column":3}},{"start":{},"end":{}}],"line":13},"2":{"loc":{"start":{"line":13,"column":6},"end":{"line":13,"column":35}},"type":"binary-expr","locations":[{"start":{"line":13,"column":6},"end":{"line":13,"column":25}},{"start":{"line":13,"column":29},"end":{"line":13,"column":35}}],"line":13},"3":{"loc":{"start":{"line":19,"column":2},"end":{"line":22,"column":3}},"type":"if","locations":[{"start":{"line":19,"column":2},"end":{"line":22,"column":3}},{"start":{},"end":{}}],"line":19},"4":{"loc":{"start":{"line":30,"column":4},"end":{"line":34,"column":5}},"type":"if","locations":[{"start":{"line":30,"column":4},"end":{"line":34,"column":5}},{"start":{},"end":{}}],"line":30},"5":{"loc":{"start":{"line":36,"column":4},"end":{"line":40,"column":5}},"type":"if","locations":[{"start":{"line":36,"column":4},"end":{"line":40,"column":5}},{"start":{},"end":{}}],"line":36}},"s":{"0":4,"1":4,"2":3,"3":3,"4":1,"5":2,"6":2,"7":0,"8":2,"9":2,"10":0,"11":0,"12":2,"13":2,"14":1,"15":1,"16":1,"17":0,"18":1,"19":0,"20":1,"21":1},"f":{"0":3},"b":{"0":[1,2],"1":[0,2],"2":[2,2],"3":[0,2],"4":[0,1],"5":[0,1]},"_coverageSchema":"1a1c01bbd47fc00a2c39e90264f33305004495a9","hash":"b61459ad5b82fb995f21143cdac6b425a5933639"}
,"/home/pfe/todo-app/todo-backend/src/routes/auth.js": {"path":"/home/pfe/todo-app/todo-backend/src/routes/auth.js","statementMap":{"0":{"start":{"line":1,"column":16},"end":{"line":1,"column":34}},"1":{"start":{"line":2,"column":16},"end":{"line":2,"column":32}},"2":{"start":{"line":3,"column":16},"end":{"line":3,"column":33}},"3":{"start":{"line":4,"column":16},"end":{"line":4,"column":39}},"4":{"start":{"line":5,"column":16},"end":{"line":5,"column":32}},"5":{"start":{"line":7,"column":20},"end":{"line":7,"column":22}},"6":{"start":{"line":10,"column":0},"end":{"line":57,"column":3}},"7":{"start":{"line":11,"column":30},"end":{"line":11,"column":38}},"8":{"start":{"line":14,"column":2},"end":{"line":16,"column":3}},"9":{"start":{"line":15,"column":4},"end":{"line":15,"column":78}},"10":{"start":{"line":18,"column":2},"end":{"line":20,"column":3}},"11":{"start":{"line":19,"column":4},"end":{"line":19,"column":85}},"12":{"start":{"line":22,"column":2},"end":{"line":56,"column":3}},"13":{"start":{"line":24,"column":21},"end":{"line":27,"column":5}},"14":{"start":{"line":29,"column":4},"end":{"line":31,"column":5}},"15":{"start":{"line":30,"column":6},"end":{"line":30,"column":90}},"16":{"start":{"line":34,"column":17},"end":{"line":34,"column":57}},"17":{"start":{"line":37,"column":19},"end":{"line":40,"column":5}},"18":{"start":{"line":42,"column":17},"end":{"line":42,"column":31}},"19":{"start":{"line":45,"column":18},"end":{"line":49,"column":5}},"20":{"start":{"line":51,"column":4},"end":{"line":51,"column":42}},"21":{"start":{"line":54,"column":4},"end":{"line":54,"column":56}},"22":{"start":{"line":55,"column":4},"end":{"line":55,"column":59}},"23":{"start":{"line":60,"column":0},"end":{"line":98,"column":3}},"24":{"start":{"line":61,"column":30},"end":{"line":61,"column":38}},"25":{"start":{"line":63,"column":2},"end":{"line":65,"column":3}},"26":{"start":{"line":64,"column":4},"end":{"line":64,"column":78}},"27":{"start":{"line":67,"column":2},"end":{"line":97,"column":3}},"28":{"start":{"line":69,"column":19},"end":{"line":72,"column":5}},"29":{"start":{"line":74,"column":17},"end":{"line":74,"column":31}},"30":{"start":{"line":77,"column":22},"end":{"line":77,"column":85}},"31":{"start":{"line":78,"column":22},"end":{"line":78,"column":59}},"32":{"start":{"line":79,"column":22},"end":{"line":79,"column":58}},"33":{"start":{"line":81,"column":4},"end":{"line":83,"column":5}},"34":{"start":{"line":82,"column":6},"end":{"line":82,"column":74}},"35":{"start":{"line":86,"column":18},"end":{"line":90,"column":5}},"36":{"start":{"line":92,"column":4},"end":{"line":92,"column":66}},"37":{"start":{"line":95,"column":4},"end":{"line":95,"column":53}},"38":{"start":{"line":96,"column":4},"end":{"line":96,"column":52}},"39":{"start":{"line":100,"column":0},"end":{"line":100,"column":24}}},"fnMap":{"0":{"name":"(anonymous_0)","decl":{"start":{"line":10,"column":25},"end":{"line":10,"column":26}},"loc":{"start":{"line":10,"column":45},"end":{"line":57,"column":1}},"line":10},"1":{"name":"(anonymous_1)","decl":{"start":{"line":60,"column":22},"end":{"line":60,"column":23}},"loc":{"start":{"line":60,"column":42},"end":{"line":98,"column":1}},"line":60}},"branchMap":{"0":{"loc":{"start":{"line":14,"column":2},"end":{"line":16,"column":3}},"type":"if","locations":[{"start":{"line":14,"column":2},"end":{"line":16,"column":3}},{"start":{},"end":{}}],"line":14},"1":{"loc":{"start":{"line":14,"column":6},"end":{"line":14,"column":25}},"type":"binary-expr","locations":[{"start":{"line":14,"column":6},"end":{"line":14,"column":12}},{"start":{"line":14,"column":16},"end":{"line":14,"column":25}}],"line":14},"2":{"loc":{"start":{"line":18,"column":2},"end":{"line":20,"column":3}},"type":"if","locations":[{"start":{"line":18,"column":2},"end":{"line":20,"column":3}},{"start":{},"end":{}}],"line":18},"3":{"loc":{"start":{"line":29,"column":4},"end":{"line":31,"column":5}},"type":"if","locations":[{"start":{"line":29,"column":4},"end":{"line":31,"column":5}},{"start":{},"end":{}}],"line":29},"4":{"loc":{"start":{"line":48,"column":19},"end":{"line":48,"column":53}},"type":"binary-expr","locations":[{"start":{"line":48,"column":19},"end":{"line":48,"column":45}},{"start":{"line":48,"column":49},"end":{"line":48,"column":53}}],"line":48},"5":{"loc":{"start":{"line":63,"column":2},"end":{"line":65,"column":3}},"type":"if","locations":[{"start":{"line":63,"column":2},"end":{"line":65,"column":3}},{"start":{},"end":{}}],"line":63},"6":{"loc":{"start":{"line":63,"column":6},"end":{"line":63,"column":25}},"type":"binary-expr","locations":[{"start":{"line":63,"column":6},"end":{"line":63,"column":12}},{"start":{"line":63,"column":16},"end":{"line":63,"column":25}}],"line":63},"7":{"loc":{"start":{"line":78,"column":22},"end":{"line":78,"column":59}},"type":"cond-expr","locations":[{"start":{"line":78,"column":29},"end":{"line":78,"column":47}},{"start":{"line":78,"column":50},"end":{"line":78,"column":59}}],"line":78},"8":{"loc":{"start":{"line":81,"column":4},"end":{"line":83,"column":5}},"type":"if","locations":[{"start":{"line":81,"column":4},"end":{"line":83,"column":5}},{"start":{},"end":{}}],"line":81},"9":{"loc":{"start":{"line":81,"column":8},"end":{"line":81,"column":23}},"type":"binary-expr","locations":[{"start":{"line":81,"column":8},"end":{"line":81,"column":13}},{"start":{"line":81,"column":17},"end":{"line":81,"column":23}}],"line":81},"10":{"loc":{"start":{"line":89,"column":19},"end":{"line":89,"column":53}},"type":"binary-expr","locations":[{"start":{"line":89,"column":19},"end":{"line":89,"column":45}},{"start":{"line":89,"column":49},"end":{"line":89,"column":53}}],"line":89}},"s":{"0":4,"1":4,"2":4,"3":4,"4":4,"5":4,"6":4,"7":4,"8":4,"9":3,"10":1,"11":1,"12":0,"13":0,"14":0,"15":0,"16":0,"17":0,"18":0,"19":0,"20":0,"21":0,"22":0,"23":4,"24":1,"25":1,"26":0,"27":1,"28":1,"29":1,"30":1,"31":1,"32":1,"33":1,"34":1,"35":0,"36":0,"37":0,"38":0,"39":4},"f":{"0":4,"1":1},"b":{"0":[3,1],"1":[4,1],"2":[1,0],"3":[0,0],"4":[0,0],"5":[0,1],"6":[1,1],"7":[0,1],"8":[1,0],"9":[1,0],"10":[0,0]},"_coverageSchema":"1a1c01bbd47fc00a2c39e90264f33305004495a9","hash":"6ad80cf81481f9e71b467d9974942eb09d6c9c9a"}
,"/home/pfe/todo-app/todo-backend/src/routes/todos.js": {"path":"/home/pfe/todo-app/todo-backend/src/routes/todos.js","statementMap":{"0":{"start":{"line":1,"column":16},"end":{"line":1,"column":34}},"1":{"start":{"line":2,"column":15},"end":{"line":2,"column":31}},"2":{"start":{"line":3,"column":13},"end":{"line":3,"column":29}},"3":{"start":{"line":7,"column":2},"end":{"line":7,"column":51}},"4":{"start":{"line":11,"column":0},"end":{"line":23,"column":3}},"5":{"start":{"line":12,"column":2},"end":{"line":22,"column":3}},"6":{"start":{"line":13,"column":19},"end":{"line":16,"column":5}},"7":{"start":{"line":18,"column":4},"end":{"line":18,"column":33}},"8":{"start":{"line":20,"column":4},"end":{"line":20,"column":47}},"9":{"start":{"line":21,"column":4},"end":{"line":21,"column":68}},"10":{"start":{"line":26,"column":0},"end":{"line":44,"column":3}},"11":{"start":{"line":27,"column":20},"end":{"line":27,"column":28}},"12":{"start":{"line":29,"column":2},"end":{"line":31,"column":3}},"13":{"start":{"line":30,"column":4},"end":{"line":30,"column":64}},"14":{"start":{"line":33,"column":2},"end":{"line":43,"column":3}},"15":{"start":{"line":34,"column":19},"end":{"line":37,"column":5}},"16":{"start":{"line":39,"column":4},"end":{"line":39,"column":48}},"17":{"start":{"line":41,"column":4},"end":{"line":41,"column":48}},"18":{"start":{"line":42,"column":4},"end":{"line":42,"column":68}},"19":{"start":{"line":47,"column":0},"end":{"line":88,"column":3}},"20":{"start":{"line":48,"column":17},"end":{"line":48,"column":27}},"21":{"start":{"line":49,"column":31},"end":{"line":49,"column":39}},"22":{"start":{"line":51,"column":2},"end":{"line":53,"column":3}},"23":{"start":{"line":52,"column":4},"end":{"line":52,"column":57}},"24":{"start":{"line":55,"column":2},"end":{"line":87,"column":3}},"25":{"start":{"line":56,"column":21},"end":{"line":59,"column":5}},"26":{"start":{"line":61,"column":4},"end":{"line":63,"column":5}},"27":{"start":{"line":62,"column":6},"end":{"line":62,"column":63}},"28":{"start":{"line":65,"column":20},"end":{"line":65,"column":36}},"29":{"start":{"line":68,"column":6},"end":{"line":68,"column":62}},"30":{"start":{"line":71,"column":6},"end":{"line":73,"column":27}},"31":{"start":{"line":75,"column":19},"end":{"line":81,"column":5}},"32":{"start":{"line":83,"column":4},"end":{"line":83,"column":36}},"33":{"start":{"line":85,"column":4},"end":{"line":85,"column":51}},"34":{"start":{"line":86,"column":4},"end":{"line":86,"column":68}},"35":{"start":{"line":91,"column":0},"end":{"line":116,"column":3}},"36":{"start":{"line":92,"column":17},"end":{"line":92,"column":27}},"37":{"start":{"line":94,"column":2},"end":{"line":96,"column":3}},"38":{"start":{"line":95,"column":4},"end":{"line":95,"column":57}},"39":{"start":{"line":98,"column":2},"end":{"line":115,"column":3}},"40":{"start":{"line":99,"column":19},"end":{"line":102,"column":5}},"41":{"start":{"line":104,"column":4},"end":{"line":106,"column":5}},"42":{"start":{"line":105,"column":6},"end":{"line":105,"column":63}},"43":{"start":{"line":108,"column":4},"end":{"line":111,"column":7}},"44":{"start":{"line":113,"column":4},"end":{"line":113,"column":54}},"45":{"start":{"line":114,"column":4},"end":{"line":114,"column":68}},"46":{"start":{"line":118,"column":0},"end":{"line":118,"column":24}}},"fnMap":{"0":{"name":"isValidId","decl":{"start":{"line":6,"column":9},"end":{"line":6,"column":18}},"loc":{"start":{"line":6,"column":23},"end":{"line":8,"column":1}},"line":6},"1":{"name":"(anonymous_1)","decl":{"start":{"line":11,"column":16},"end":{"line":11,"column":17}},"loc":{"start":{"line":11,"column":36},"end":{"line":23,"column":1}},"line":11},"2":{"name":"(anonymous_2)","decl":{"start":{"line":26,"column":17},"end":{"line":26,"column":18}},"loc":{"start":{"line":26,"column":37},"end":{"line":44,"column":1}},"line":26},"3":{"name":"(anonymous_3)","decl":{"start":{"line":47,"column":19},"end":{"line":47,"column":20}},"loc":{"start":{"line":47,"column":39},"end":{"line":88,"column":1}},"line":47},"4":{"name":"(anonymous_4)","decl":{"start":{"line":91,"column":22},"end":{"line":91,"column":23}},"loc":{"start":{"line":91,"column":42},"end":{"line":116,"column":1}},"line":91}},"branchMap":{"0":{"loc":{"start":{"line":29,"column":2},"end":{"line":31,"column":3}},"type":"if","locations":[{"start":{"line":29,"column":2},"end":{"line":31,"column":3}},{"start":{},"end":{}}],"line":29},"1":{"loc":{"start":{"line":29,"column":6},"end":{"line":29,"column":54}},"type":"binary-expr","locations":[{"start":{"line":29,"column":6},"end":{"line":29,"column":31}},{"start":{"line":29,"column":35},"end":{"line":29,"column":54}}],"line":29},"2":{"loc":{"start":{"line":51,"column":2},"end":{"line":53,"column":3}},"type":"if","locations":[{"start":{"line":51,"column":2},"end":{"line":53,"column":3}},{"start":{},"end":{}}],"line":51},"3":{"loc":{"start":{"line":61,"column":4},"end":{"line":63,"column":5}},"type":"if","locations":[{"start":{"line":61,"column":4},"end":{"line":63,"column":5}},{"start":{},"end":{}}],"line":61},"4":{"loc":{"start":{"line":68,"column":6},"end":{"line":68,"column":62}},"type":"cond-expr","locations":[{"start":{"line":68,"column":34},"end":{"line":68,"column":46}},{"start":{"line":68,"column":49},"end":{"line":68,"column":62}}],"line":68},"5":{"loc":{"start":{"line":71,"column":6},"end":{"line":73,"column":27}},"type":"cond-expr","locations":[{"start":{"line":72,"column":10},"end":{"line":72,"column":19}},{"start":{"line":73,"column":10},"end":{"line":73,"column":27}}],"line":71},"6":{"loc":{"start":{"line":94,"column":2},"end":{"line":96,"column":3}},"type":"if","locations":[{"start":{"line":94,"column":2},"end":{"line":96,"column":3}},{"start":{},"end":{}}],"line":94},"7":{"loc":{"start":{"line":104,"column":4},"end":{"line":106,"column":5}},"type":"if","locations":[{"start":{"line":104,"column":4},"end":{"line":106,"column":5}},{"start":{},"end":{}}],"line":104}},"s":{"0":4,"1":4,"2":4,"3":4,"4":4,"5":1,"6":1,"7":1,"8":0,"9":0,"10":4,"11":2,"12":2,"13":1,"14":1,"15":1,"16":1,"17":0,"18":0,"19":4,"20":2,"21":2,"22":2,"23":0,"24":2,"25":2,"26":2,"27":1,"28":1,"29":1,"30":1,"31":1,"32":1,"33":0,"34":0,"35":4,"36":2,"37":2,"38":0,"39":2,"40":2,"41":2,"42":1,"43":1,"44":0,"45":0,"46":4},"f":{"0":4,"1":1,"2":2,"3":2,"4":2},"b":{"0":[1,1],"1":[2,1],"2":[0,2],"3":[1,1],"4":[1,0],"5":[1,0],"6":[0,2],"7":[1,1]},"_coverageSchema":"1a1c01bbd47fc00a2c39e90264f33305004495a9","hash":"69abfda81aa1e16fe529c8095ec10bc351dfeac2"}
}
