TN:
SF:src/db.js
FN:17,(anonymous_0)
FN:22,(anonymous_1)
FNF:2
FNH:2
FNDA:1,(anonymous_0)
FNDA:1,(anonymous_1)
DA:1,4
DA:2,4
DA:4,4
DA:17,4
DA:18,1
DA:22,4
DA:23,1
DA:26,4
LF:8
LH:8
BRDA:6,0,0,4
BRDA:6,0,1,0
BRDA:11,1,0,1
BRDA:11,1,1,3
BRF:4
BRH:3
end_of_record
TN:
SF:src/index.js
FN:23,(anonymous_0)
FN:36,(anonymous_1)
FN:43,(anonymous_2)
FN:51,initDB
FN:77,(anonymous_4)
FN:78,(anonymous_5)
FN:82,(anonymous_6)
FNF:7
FNH:2
FNDA:2,(anonymous_0)
FNDA:2,(anonymous_1)
FNDA:0,(anonymous_2)
FNDA:0,initDB
FNDA:0,(anonymous_4)
FNDA:0,(anonymous_5)
FNDA:0,(anonymous_6)
DA:1,3
DA:3,3
DA:4,3
DA:5,3
DA:7,3
DA:8,3
DA:9,3
DA:11,3
DA:12,3
DA:15,3
DA:20,3
DA:23,3
DA:24,2
DA:30,3
DA:33,3
DA:36,3
DA:37,2
DA:43,3
DA:44,0
DA:45,0
DA:52,0
DA:61,0
DA:71,0
DA:75,3
DA:76,0
DA:78,0
DA:79,0
DA:83,0
DA:84,0
DA:89,3
LF:30
LH:20
BRDA:12,0,0,3
BRDA:12,0,1,0
BRDA:16,1,0,3
BRDA:16,1,1,0
BRDA:75,2,0,0
BRDA:75,2,1,3
BRF:6
BRH:3
end_of_record
TN:
SF:src/middleware/auth.js
FN:3,authMiddleware
FNF:1
FNH:1
FNDA:9,authMiddleware
DA:1,4
DA:3,4
DA:4,9
DA:7,9
DA:8,2
DA:11,7
DA:13,7
DA:14,2
DA:18,5
DA:19,5
DA:20,1
DA:21,1
DA:24,4
DA:25,4
DA:26,1
DA:28,1
DA:30,3
DA:31,1
DA:36,2
DA:37,1
DA:42,1
DA:44,1
LF:22
LH:22
BRDA:7,0,0,2
BRDA:7,0,1,7
BRDA:13,1,0,2
BRDA:13,1,1,5
BRDA:13,2,0,7
BRDA:13,2,1,6
BRDA:19,3,0,1
BRDA:19,3,1,4
BRDA:30,4,0,1
BRDA:30,4,1,2
BRDA:36,5,0,1
BRDA:36,5,1,1
BRF:12
BRH:12
end_of_record
TN:
SF:src/routes/auth.js
FN:10,(anonymous_0)
FN:60,(anonymous_1)
FNF:2
FNH:2
FNDA:9,(anonymous_0)
FNDA:8,(anonymous_1)
DA:1,4
DA:2,4
DA:3,4
DA:4,4
DA:5,4
DA:7,4
DA:10,4
DA:11,9
DA:14,9
DA:15,5
DA:18,4
DA:19,1
DA:22,3
DA:24,3
DA:29,2
DA:30,1
DA:34,1
DA:37,1
DA:42,1
DA:45,1
DA:51,1
DA:54,1
DA:55,1
DA:60,4
DA:61,8
DA:63,8
DA:64,4
DA:67,4
DA:69,4
DA:74,3
DA:77,3
DA:78,3
DA:79,3
DA:81,3
DA:82,2
DA:86,1
DA:92,1
DA:95,1
DA:96,1
DA:100,4
LF:40
LH:40
BRDA:14,0,0,5
BRDA:14,0,1,4
BRDA:14,1,0,9
BRDA:14,1,1,5
BRDA:18,2,0,1
BRDA:18,2,1,3
BRDA:29,3,0,1
BRDA:29,3,1,1
BRDA:48,4,0,1
BRDA:48,4,1,0
BRDA:63,5,0,4
BRDA:63,5,1,4
BRDA:63,6,0,8
BRDA:63,6,1,5
BRDA:78,7,0,2
BRDA:78,7,1,1
BRDA:81,8,0,2
BRDA:81,8,1,1
BRDA:81,9,0,3
BRDA:81,9,1,2
BRDA:89,10,0,1
BRDA:89,10,1,0
BRF:22
BRH:20
end_of_record
TN:
SF:src/routes/todos.js
FN:6,isValidId
FN:11,(anonymous_1)
FN:26,(anonymous_2)
FN:47,(anonymous_3)
FN:91,(anonymous_4)
FNF:5
FNH:5
FNDA:9,isValidId
FNDA:2,(anonymous_1)
FNDA:5,(anonymous_2)
FNDA:5,(anonymous_3)
FNDA:4,(anonymous_4)
DA:1,4
DA:2,4
DA:3,4
DA:7,9
DA:11,4
DA:12,2
DA:13,2
DA:18,1
DA:20,1
DA:21,1
DA:26,4
DA:27,5
DA:29,5
DA:30,3
DA:33,2
DA:34,2
DA:39,1
DA:41,1
DA:42,1
DA:47,4
DA:48,5
DA:49,5
DA:51,5
DA:52,1
DA:55,4
DA:56,4
DA:61,3
DA:62,1
DA:65,2
DA:68,2
DA:71,2
DA:75,2
DA:83,2
DA:85,1
DA:86,1
DA:91,4
DA:92,4
DA:94,4
DA:95,1
DA:98,3
DA:99,3
DA:104,2
DA:105,1
DA:108,1
DA:113,1
DA:114,1
DA:118,4
LF:47
LH:47
BRDA:29,0,0,3
BRDA:29,0,1,2
BRDA:29,1,0,5
BRDA:29,1,1,3
BRDA:51,2,0,1
BRDA:51,2,1,4
BRDA:61,3,0,1
BRDA:61,3,1,2
BRDA:68,4,0,1
BRDA:68,4,1,1
BRDA:71,5,0,2
BRDA:71,5,1,0
BRDA:94,6,0,1
BRDA:94,6,1,3
BRDA:104,7,0,1
BRDA:104,7,1,1
BRF:16
BRH:15
end_of_record
