TN:
SF:src/db.js
FN:17,(anonymous_0)
FN:22,(anonymous_1)
FNF:2
FNH:0
FNDA:0,(anonymous_0)
FNDA:0,(anonymous_1)
DA:1,2
DA:2,2
DA:4,2
DA:17,2
DA:18,0
DA:22,2
DA:23,0
DA:26,2
LF:8
LH:6
BRDA:6,0,0,2
BRDA:6,0,1,0
BRDA:11,1,0,0
BRDA:11,1,1,2
BRF:4
BRH:2
end_of_record
TN:
SF:src/index.js
FN:20,(anonymous_0)
FN:33,(anonymous_1)
FN:40,(anonymous_2)
FN:48,initDB
FN:72,startServer
FN:75,(anonymous_5)
FN:82,(anonymous_6)
FNF:7
FNH:1
FNDA:2,(anonymous_0)
FNDA:0,(anonymous_1)
FNDA:0,(anonymous_2)
FNDA:0,initDB
FNDA:0,startServer
FNDA:0,(anonymous_5)
FNDA:0,(anonymous_6)
DA:1,2
DA:2,2
DA:3,2
DA:4,2
DA:5,2
DA:6,2
DA:7,2
DA:9,2
DA:10,2
DA:13,2
DA:17,2
DA:20,2
DA:21,2
DA:27,2
DA:30,2
DA:33,2
DA:34,0
DA:40,2
DA:41,0
DA:42,0
DA:49,0
DA:58,0
DA:68,0
DA:73,0
DA:75,0
DA:76,0
DA:81,2
DA:82,0
DA:83,0
DA:84,0
DA:89,2
LF:31
LH:19
BRDA:10,0,0,2
BRDA:10,0,1,0
BRDA:14,1,0,2
BRDA:14,1,1,0
BRDA:81,2,0,0
BRDA:81,2,1,2
BRF:6
BRH:3
end_of_record
TN:
SF:src/middleware/auth.js
FN:3,authMiddleware
FNF:1
FNH:0
FNDA:0,authMiddleware
DA:1,2
DA:3,2
DA:4,0
DA:7,0
DA:8,0
DA:11,0
DA:13,0
DA:14,0
DA:18,0
DA:19,0
DA:20,0
DA:21,0
DA:24,0
DA:25,0
DA:26,0
DA:28,0
DA:30,0
DA:31,0
DA:36,0
DA:37,0
DA:42,0
DA:44,0
LF:22
LH:2
BRDA:7,0,0,0
BRDA:7,0,1,0
BRDA:13,1,0,0
BRDA:13,1,1,0
BRDA:13,2,0,0
BRDA:13,2,1,0
BRDA:19,3,0,0
BRDA:19,3,1,0
BRDA:30,4,0,0
BRDA:30,4,1,0
BRDA:36,5,0,0
BRDA:36,5,1,0
BRF:12
BRH:0
end_of_record
TN:
SF:src/routes/auth.js
FN:10,(anonymous_0)
FN:60,(anonymous_1)
FNF:2
FNH:1
FNDA:2,(anonymous_0)
FNDA:0,(anonymous_1)
DA:1,2
DA:2,2
DA:3,2
DA:4,2
DA:5,2
DA:7,2
DA:10,2
DA:11,2
DA:14,2
DA:15,2
DA:18,0
DA:19,0
DA:22,0
DA:24,0
DA:29,0
DA:30,0
DA:34,0
DA:37,0
DA:42,0
DA:45,0
DA:51,0
DA:54,0
DA:55,0
DA:60,2
DA:61,0
DA:63,0
DA:64,0
DA:67,0
DA:69,0
DA:74,0
DA:77,0
DA:78,0
DA:79,0
DA:81,0
DA:82,0
DA:86,0
DA:92,0
DA:95,0
DA:96,0
DA:100,2
LF:40
LH:12
BRDA:14,0,0,2
BRDA:14,0,1,0
BRDA:14,1,0,2
BRDA:14,1,1,0
BRDA:18,2,0,0
BRDA:18,2,1,0
BRDA:29,3,0,0
BRDA:29,3,1,0
BRDA:48,4,0,0
BRDA:48,4,1,0
BRDA:63,5,0,0
BRDA:63,5,1,0
BRDA:63,6,0,0
BRDA:63,6,1,0
BRDA:78,7,0,0
BRDA:78,7,1,0
BRDA:81,8,0,0
BRDA:81,8,1,0
BRDA:81,9,0,0
BRDA:81,9,1,0
BRDA:89,10,0,0
BRDA:89,10,1,0
BRF:22
BRH:2
end_of_record
TN:
SF:src/routes/todos.js
FN:6,isValidId
FN:11,(anonymous_1)
FN:26,(anonymous_2)
FN:47,(anonymous_3)
FN:91,(anonymous_4)
FNF:5
FNH:0
FNDA:0,isValidId
FNDA:0,(anonymous_1)
FNDA:0,(anonymous_2)
FNDA:0,(anonymous_3)
FNDA:0,(anonymous_4)
DA:1,2
DA:2,2
DA:3,2
DA:7,0
DA:11,2
DA:12,0
DA:13,0
DA:18,0
DA:20,0
DA:21,0
DA:26,2
DA:27,0
DA:29,0
DA:30,0
DA:33,0
DA:34,0
DA:39,0
DA:41,0
DA:42,0
DA:47,2
DA:48,0
DA:49,0
DA:51,0
DA:52,0
DA:55,0
DA:56,0
DA:61,0
DA:62,0
DA:65,0
DA:68,0
DA:71,0
DA:75,0
DA:83,0
DA:85,0
DA:86,0
DA:91,2
DA:92,0
DA:94,0
DA:95,0
DA:98,0
DA:99,0
DA:104,0
DA:105,0
DA:108,0
DA:113,0
DA:114,0
DA:118,2
LF:47
LH:8
BRDA:29,0,0,0
BRDA:29,0,1,0
BRDA:29,1,0,0
BRDA:29,1,1,0
BRDA:51,2,0,0
BRDA:51,2,1,0
BRDA:61,3,0,0
BRDA:61,3,1,0
BRDA:68,4,0,0
BRDA:68,4,1,0
BRDA:71,5,0,0
BRDA:71,5,1,0
BRDA:94,6,0,0
BRDA:94,6,1,0
BRDA:104,7,0,0
BRDA:104,7,1,0
BRF:16
BRH:0
end_of_record
